{
  "RSpec": {
    "coverage": {
      "/Users/herbertjoseph/Webdev/travel-hub-rails/config/environment.rb": [
        null,
        1,
        null,
        null,
        1
      ],
      "/Users/herbertjoseph/Webdev/travel-hub-rails/config/application.rb": [
        1,
        null,
        1,
        null,
        null,
        null,
        1,
        null,
        1,
        1,
        null,
        null,
        null,
        null,
        null,
        null,
        null,
        null,
        null,
        null,
        null,
        null,
        null
      ],
      "/Users/herbertjoseph/Webdev/travel-hub-rails/config/boot.rb": [
        null,
        1,
        null,
        1
      ],
      "/Users/herbertjoseph/Webdev/travel-hub-rails/config/environments/test.rb": [
        1,
        null,
        null,
        null,
        null,
        null,
        null,
        1,
        null,
        null,
        null,
        null,
        1,
        null,
        null,
        1,
        1,
        null,
        null,
        1,
        1,
        null,
        null,
        1,
        null,
        null,
        1,
        null,
        null,
        null,
        null,
        1,
        null,
        null,
        1,
        null,
        null,
        null,
        null
      ],
      "/Users/herbertjoseph/Webdev/travel-hub-rails/config/initializers/assets.rb": [
        null,
        null,
        null,
        1,
        null,
        null,
        null,
        null
      ],
      "/Users/herbertjoseph/Webdev/travel-hub-rails/config/initializers/backtrace_silencers.rb": [
        null,
        null,
        null,
        null,
        null,
        null,
        null
      ],
      "/Users/herbertjoseph/Webdev/travel-hub-rails/config/initializers/cookies_serializer.rb": [
        null,
        null,
        1
      ],
      "/Users/herbertjoseph/Webdev/travel-hub-rails/config/initializers/filter_parameter_logging.rb": [
        null,
        null,
        null,
        1
      ],
      "/Users/herbertjoseph/Webdev/travel-hub-rails/config/initializers/inflections.rb": [
        null,
        null,
        null,
        null,
        null,
        null,
        null,
        null,
        null,
        null,
        null,
        null,
        null,
        null,
        null,
        null
      ],
      "/Users/herbertjoseph/Webdev/travel-hub-rails/config/initializers/mime_types.rb": [
        null,
        null,
        null,
        null
      ],
      "/Users/herbertjoseph/Webdev/travel-hub-rails/config/initializers/session_store.rb": [
        null,
        null,
        1
      ],
      "/Users/herbertjoseph/Webdev/travel-hub-rails/config/initializers/wrap_parameters.rb": [
        null,
        null,
        null,
        null,
        null,
        null,
        1,
        1,
        null,
        null,
        null,
        null,
        null,
        null
      ],
      "/Users/herbertjoseph/Webdev/travel-hub-rails/config/routes.rb": [
        1,
        null,
        null,
        null,
        null,
        null,
        null,
        null,
        null,
        null,
        null,
        null,
        null,
        null,
        null,
        null,
        null,
        null,
        null,
        null,
        null,
        null,
        null,
        null,
        null,
        null,
        null,
        null,
        null,
        null,
        null,
        null,
        null,
        null,
        null,
        null,
        null,
        null,
        null,
        null,
        null,
        null,
        null,
        null,
        null,
        null,
        null,
        null,
        null,
        null,
        null,
        null,
        null,
        null,
        null,
        null
      ],
      "/Users/herbertjoseph/Webdev/travel-hub-rails/app/helpers/application_helper.rb": [
        1,
        null
      ],
      "/Users/herbertjoseph/Webdev/travel-hub-rails/app/models/post.rb": [
        1,
        1,
        null
      ],
      "/Users/herbertjoseph/Webdev/travel-hub-rails/app/models/trip.rb": [
        1,
        1,
        null
      ],
      "/Users/herbertjoseph/Webdev/travel-hub-rails/app/models/user.rb": [
        1,
        1,
        1,
        null
      ],
      "/Users/herbertjoseph/Webdev/travel-hub-rails/app/services/tweet_parser.rb": [
        1,
        1,
        null,
        1,
        2,
        null,
        null,
        1,
        2,
        null,
        null,
        1,
        2,
        4,
        4,
        4,
        4,
        4,
        4,
        4,
        null,
        null,
        null,
        1,
        4,
        1,
        1,
        null,
        null,
        1,
        null,
        null,
        null,
        1,
        5,
        null,
        null
      ],
      "/Users/herbertjoseph/Webdev/travel-hub-rails/app/services/twitter_service.rb": [
        1,
        1,
        null,
        1,
        1,
        null,
        1,
        3,
        3,
        3,
        null,
        null,
        1,
        3,
        3,
        3,
        3,
        3,
        null,
        null,
        null,
        1,
        3,
        null,
        null,
        1,
        3,
        596,
        null,
        null,
        null
      ]
    },
    "timestamp": 1425349664
  }
}
